<boats>
    <boat>
        <boatname>Emirates Team New Zealand</boatname>
        <teamname>NZL</teamname>
        <speed>45.0</speed>
    </boat>
    <boat>
        <boatname>Oracle Team USA</boatname>
        <teamname>USA</teamname>
        <speed>50.0</speed>
    </boat>
    <boat>
        <boatname>Artemis Racing</boatname>
        <teamname>SWE</teamname>
        <speed>55.0</speed>
    </boat>
</boats>